[debug] [2020-11-19T14:53:40.999Z] ----------------------------------------------------------------------
[debug] [2020-11-19T14:53:41.004Z] Command:       C:\Program Files\nodejs\node.exe C:\Users\tarun\AppData\Roaming\npm\node_modules\firebase-tools\lib\bin\firebase.js emulators:start
[debug] [2020-11-19T14:53:41.005Z] CLI Version:   8.9.0
[debug] [2020-11-19T14:53:41.005Z] Platform:      win32
[debug] [2020-11-19T14:53:41.005Z] Node Version:  v14.8.0
[debug] [2020-11-19T14:53:41.007Z] Time:          Thu Nov 19 2020 20:23:41 GMT+0530 (India Standard Time)
[debug] [2020-11-19T14:53:41.007Z] ----------------------------------------------------------------------
[debug] [2020-11-19T14:53:41.008Z] 
[debug] [2020-11-19T14:53:41.028Z] > command requires scopes: ["email","openid","https://www.googleapis.com/auth/cloudplatformprojects.readonly","https://www.googleapis.com/auth/firebase","https://www.googleapis.com/auth/cloud-platform"]
[debug] [2020-11-19T14:53:41.030Z] > authorizing via signed-in user
[info] i  emulators: Starting emulators: functions {"metadata":{"emulator":{"name":"hub"},"message":"Starting emulators: functions"}}
[debug] [2020-11-19T14:53:43.118Z] [hub] writing locator at C:\Users\tarun\AppData\Local\Temp\hub-aegis-fbe56.json
[debug] [2020-11-19T14:53:45.206Z] defaultcredentials: writing to file C:\Users\tarun\AppData\Roaming\firebase\tarunksu30_gmail_com_application_default_credentials.json
[debug] [2020-11-19T14:53:45.209Z] Setting GAC to C:\Users\tarun\AppData\Roaming\firebase\tarunksu30_gmail_com_application_default_credentials.json {"metadata":{"emulator":{"name":"functions"},"message":"Setting GAC to C:\\Users\\tarun\\AppData\\Roaming\\firebase\\tarunksu30_gmail_com_application_default_credentials.json"}}
[warn] !  functions: The following emulators are not running, calls to these services from the Functions emulator will affect production: firestore, database, hosting, pubsub {"metadata":{"emulator":{"name":"functions"},"message":"The following emulators are not running, calls to these services from the Functions emulator will affect production: \u001b[1mfirestore, database, hosting, pubsub\u001b[22m"}}
[warn] !  Your requested "node" version "8" doesn't match your global version "14" {"metadata":{"emulator":{"name":"functions"},"message":"Your requested \"node\" version \"8\" doesn't match your global version \"14\""}}
[debug] [2020-11-19T14:53:49.279Z] Ignoring unsupported arg: auto_download {"metadata":{"emulator":{"name":"ui"},"message":"Ignoring unsupported arg: auto_download"}}
[debug] [2020-11-19T14:53:49.279Z] Ignoring unsupported arg: port {"metadata":{"emulator":{"name":"ui"},"message":"Ignoring unsupported arg: port"}}
[debug] [2020-11-19T14:53:49.280Z] Starting Emulator UI with command {"binary":"node","args":["C:\\Users\\tarun\\.cache\\firebase\\emulators\\ui-v1.1.1\\server.bundle.js"],"optionalArgs":[],"joinArgs":false} {"metadata":{"emulator":{"name":"ui"},"message":"Starting Emulator UI with command {\"binary\":\"node\",\"args\":[\"C:\\\\Users\\\\tarun\\\\.cache\\\\firebase\\\\emulators\\\\ui-v1.1.1\\\\server.bundle.js\"],\"optionalArgs\":[],\"joinArgs\":false}"}}
[info] i  ui: Emulator UI logging to ui-debug.log {"metadata":{"emulator":{"name":"ui"},"message":"Emulator UI logging to \u001b[1mui-debug.log\u001b[22m"}}
[debug] [2020-11-19T14:53:49.623Z] Web / API server started at http://localhost:4000
 {"metadata":{"emulator":{"name":"ui"},"message":"Web / API server started at http://localhost:4000\n"}}
[info] i  functions: Watching "D:\Projects\aegisRN\functions" for Cloud Functions... {"metadata":{"emulator":{"name":"functions"},"message":"Watching \"D:\\Projects\\aegisRN\\functions\" for Cloud Functions..."}}
[debug] [2020-11-19T14:53:49.842Z] [worker-pool] addWorker(~diagnostic~) {"metadata":{"emulator":{"name":"functions"},"message":"[worker-pool] addWorker(~diagnostic~)"}}
[debug] [2020-11-19T14:53:49.843Z] [worker-pool] Adding worker with key ~diagnostic~, total=1 {"metadata":{"emulator":{"name":"functions"},"message":"[worker-pool] Adding worker with key ~diagnostic~, total=1"}}
[debug] [2020-11-19T14:53:49.843Z] [worker-pool] submitWork(triggerId=) {"metadata":{"emulator":{"name":"functions"},"message":"[worker-pool] submitWork(triggerId=)"}}
[debug] [2020-11-19T14:53:49.845Z] [worker-~diagnostic~-db49dece-60fb-4d37-92c8-2f6da7bc2c03]: Assigning socketPath: \\?\pipe\D:\Projects\aegisRN\functions\16000 {"metadata":{"emulator":{"name":"functions"},"message":"[worker-~diagnostic~-db49dece-60fb-4d37-92c8-2f6da7bc2c03]: Assigning socketPath: \\\\?\\pipe\\D:\\Projects\\aegisRN\\functions\\16000"}}
[debug] [2020-11-19T14:53:49.846Z] [worker-~diagnostic~-db49dece-60fb-4d37-92c8-2f6da7bc2c03]: BUSY {"metadata":{"emulator":{"name":"functions"},"message":"[worker-~diagnostic~-db49dece-60fb-4d37-92c8-2f6da7bc2c03]: BUSY"}}
[debug] [2020-11-19T14:53:51.858Z] [runtime-status] [16000] Functions runtime initialized. {"cwd":"D:\\Projects\\aegisRN\\functions","node_version":"14.8.0"} {"metadata":{"emulator":{"name":"functions"},"message":"[runtime-status] [16000] Functions runtime initialized. {\"cwd\":\"D:\\\\Projects\\\\aegisRN\\\\functions\",\"node_version\":\"14.8.0\"}"}}
[debug] [2020-11-19T14:53:51.859Z] [runtime-status] [16000] Disabled runtime features: undefined {"metadata":{"emulator":{"name":"functions"},"message":"[runtime-status] [16000] Disabled runtime features: undefined"}}
[debug] [2020-11-19T14:53:51.865Z] [runtime-status] [16000] Resolved module firebase-admin {"declared":true,"installed":true,"version":"8.13.0","resolution":"D:\\Projects\\aegisRN\\functions\\node_modules\\firebase-admin\\lib\\index.js"} {"metadata":{"emulator":{"name":"functions"},"message":"[runtime-status] [16000] Resolved module firebase-admin {\"declared\":true,\"installed\":true,\"version\":\"8.13.0\",\"resolution\":\"D:\\\\Projects\\\\aegisRN\\\\functions\\\\node_modules\\\\firebase-admin\\\\lib\\\\index.js\"}"}}
[debug] [2020-11-19T14:53:51.868Z] [runtime-status] [16000] Resolved module firebase-functions {"declared":true,"installed":true,"version":"3.11.0","resolution":"D:\\Projects\\aegisRN\\functions\\node_modules\\firebase-functions\\lib\\index.js"} {"metadata":{"emulator":{"name":"functions"},"message":"[runtime-status] [16000] Resolved module firebase-functions {\"declared\":true,\"installed\":true,\"version\":\"3.11.0\",\"resolution\":\"D:\\\\Projects\\\\aegisRN\\\\functions\\\\node_modules\\\\firebase-functions\\\\lib\\\\index.js\"}"}}
[debug] [2020-11-19T14:53:51.871Z] [runtime-status] [16000] Resolved module firebase-functions {"declared":true,"installed":true,"version":"3.11.0","resolution":"D:\\Projects\\aegisRN\\functions\\node_modules\\firebase-functions\\lib\\index.js"} {"metadata":{"emulator":{"name":"functions"},"message":"[runtime-status] [16000] Resolved module firebase-functions {\"declared\":true,\"installed\":true,\"version\":\"3.11.0\",\"resolution\":\"D:\\\\Projects\\\\aegisRN\\\\functions\\\\node_modules\\\\firebase-functions\\\\lib\\\\index.js\"}"}}
[debug] [2020-11-19T14:53:51.927Z] [runtime-status] [16000] Outgoing network have been stubbed. [{"name":"http","status":"mocked"},{"name":"http","status":"mocked"},{"name":"https","status":"mocked"},{"name":"https","status":"mocked"},{"name":"net","status":"mocked"}] {"metadata":{"emulator":{"name":"functions"},"message":"[runtime-status] [16000] Outgoing network have been stubbed. [{\"name\":\"http\",\"status\":\"mocked\"},{\"name\":\"http\",\"status\":\"mocked\"},{\"name\":\"https\",\"status\":\"mocked\"},{\"name\":\"https\",\"status\":\"mocked\"},{\"name\":\"net\",\"status\":\"mocked\"}]"}}
[debug] [2020-11-19T14:53:51.930Z] [runtime-status] [16000] Resolved module firebase-functions {"declared":true,"installed":true,"version":"3.11.0","resolution":"D:\\Projects\\aegisRN\\functions\\node_modules\\firebase-functions\\lib\\index.js"} {"metadata":{"emulator":{"name":"functions"},"message":"[runtime-status] [16000] Resolved module firebase-functions {\"declared\":true,\"installed\":true,\"version\":\"3.11.0\",\"resolution\":\"D:\\\\Projects\\\\aegisRN\\\\functions\\\\node_modules\\\\firebase-functions\\\\lib\\\\index.js\"}"}}
[debug] [2020-11-19T14:53:52.086Z] [runtime-status] [16000] Checked functions.config() {"config":{}} {"metadata":{"emulator":{"name":"functions"},"message":"[runtime-status] [16000] Checked functions.config() {\"config\":{}}"}}
[debug] [2020-11-19T14:53:52.087Z] [runtime-status] [16000] firebase-functions has been stubbed. {"functionsResolution":{"declared":true,"installed":true,"version":"3.11.0","resolution":"D:\\Projects\\aegisRN\\functions\\node_modules\\firebase-functions\\lib\\index.js"}} {"metadata":{"emulator":{"name":"functions"},"message":"[runtime-status] [16000] firebase-functions has been stubbed. {\"functionsResolution\":{\"declared\":true,\"installed\":true,\"version\":\"3.11.0\",\"resolution\":\"D:\\\\Projects\\\\aegisRN\\\\functions\\\\node_modules\\\\firebase-functions\\\\lib\\\\index.js\"}}"}}
[debug] [2020-11-19T14:53:52.087Z] [runtime-status] [16000] Resolved module firebase-functions {"declared":true,"installed":true,"version":"3.11.0","resolution":"D:\\Projects\\aegisRN\\functions\\node_modules\\firebase-functions\\lib\\index.js"} {"metadata":{"emulator":{"name":"functions"},"message":"[runtime-status] [16000] Resolved module firebase-functions {\"declared\":true,\"installed\":true,\"version\":\"3.11.0\",\"resolution\":\"D:\\\\Projects\\\\aegisRN\\\\functions\\\\node_modules\\\\firebase-functions\\\\lib\\\\index.js\"}"}}
[debug] [2020-11-19T14:53:52.089Z] [runtime-status] [16000] Resolved module firebase-admin {"declared":true,"installed":true,"version":"8.13.0","resolution":"D:\\Projects\\aegisRN\\functions\\node_modules\\firebase-admin\\lib\\index.js"} {"metadata":{"emulator":{"name":"functions"},"message":"[runtime-status] [16000] Resolved module firebase-admin {\"declared\":true,\"installed\":true,\"version\":\"8.13.0\",\"resolution\":\"D:\\\\Projects\\\\aegisRN\\\\functions\\\\node_modules\\\\firebase-admin\\\\lib\\\\index.js\"}"}}
[debug] [2020-11-19T14:53:52.090Z] [runtime-status] [16000] Resolved module firebase-functions {"declared":true,"installed":true,"version":"3.11.0","resolution":"D:\\Projects\\aegisRN\\functions\\node_modules\\firebase-functions\\lib\\index.js"} {"metadata":{"emulator":{"name":"functions"},"message":"[runtime-status] [16000] Resolved module firebase-functions {\"declared\":true,\"installed\":true,\"version\":\"3.11.0\",\"resolution\":\"D:\\\\Projects\\\\aegisRN\\\\functions\\\\node_modules\\\\firebase-functions\\\\lib\\\\index.js\"}"}}
[debug] [2020-11-19T14:53:52.090Z] [runtime-status] [16000] firebase-admin has been stubbed. {"adminResolution":{"declared":true,"installed":true,"version":"8.13.0","resolution":"D:\\Projects\\aegisRN\\functions\\node_modules\\firebase-admin\\lib\\index.js"}} {"metadata":{"emulator":{"name":"functions"},"message":"[runtime-status] [16000] firebase-admin has been stubbed. {\"adminResolution\":{\"declared\":true,\"installed\":true,\"version\":\"8.13.0\",\"resolution\":\"D:\\\\Projects\\\\aegisRN\\\\functions\\\\node_modules\\\\firebase-admin\\\\lib\\\\index.js\"}}"}}
[info] +  functions[widgets]: http function initialized (http://localhost:5001/aegis-fbe56/us-central1/widgets). {"metadata":{"emulator":{"name":"functions"},"message":"\u001b[1mhttp\u001b[22m function initialized (http://localhost:5001/aegis-fbe56/us-central1/widgets)."}}
[info] 
┌───────────────────────────────────────────────────────────────────────┐
│ ✔  All emulators ready! View status and logs at http://localhost:4000 │
└───────────────────────────────────────────────────────────────────────┘

┌───────────┬────────────────┬─────────────────────────────────┐
│ Emulator  │ Host:Port      │ View in Emulator UI             │
├───────────┼────────────────┼─────────────────────────────────┤
│ Functions │ localhost:5001 │ http://localhost:4000/functions │
└───────────┴────────────────┴─────────────────────────────────┘
  Other reserved ports: 4400, 4500

Issues? Report them at https://github.com/firebase/firebase-tools/issues and attach the *-debug.log files.
 
[debug] [2020-11-19T14:53:54.195Z] [worker-~diagnostic~-db49dece-60fb-4d37-92c8-2f6da7bc2c03]: IDLE {"metadata":{"emulator":{"name":"functions"},"message":"[worker-~diagnostic~-db49dece-60fb-4d37-92c8-2f6da7bc2c03]: IDLE"}}
[debug] [2020-11-19T14:54:47.913Z] [work-queue] {"queueLength":1,"workRunningCount":0}
[debug] [2020-11-19T14:54:47.915Z] [work-queue] {"queueLength":0,"workRunningCount":1}
[debug] [2020-11-19T14:54:47.916Z] Accepted request GET /aegis-fbe56/us-central1/widgets --> widgets
[debug] [2020-11-19T14:54:47.933Z] [worker-pool] addWorker(widgets) {"metadata":{"emulator":{"name":"functions"},"message":"[worker-pool] addWorker(widgets)"}}
[debug] [2020-11-19T14:54:47.934Z] [worker-pool] Adding worker with key widgets, total=1 {"metadata":{"emulator":{"name":"functions"},"message":"[worker-pool] Adding worker with key widgets, total=1"}}
[debug] [2020-11-19T14:54:47.934Z] [worker-pool] submitWork(triggerId=widgets) {"metadata":{"emulator":{"name":"functions"},"message":"[worker-pool] submitWork(triggerId=widgets)"}}
[debug] [2020-11-19T14:54:47.935Z] [worker-widgets-bdfc0be7-5b96-4317-9d11-86d29a70766b]: Assigning socketPath: \\?\pipe\D:\Projects\aegisRN\functions\15460 {"metadata":{"emulator":{"name":"functions"},"message":"[worker-widgets-bdfc0be7-5b96-4317-9d11-86d29a70766b]: Assigning socketPath: \\\\?\\pipe\\D:\\Projects\\aegisRN\\functions\\15460"}}
[debug] [2020-11-19T14:54:47.935Z] [worker-widgets-bdfc0be7-5b96-4317-9d11-86d29a70766b]: BUSY {"metadata":{"emulator":{"name":"functions"},"message":"[worker-widgets-bdfc0be7-5b96-4317-9d11-86d29a70766b]: BUSY"}}
[debug] [2020-11-19T14:54:49.754Z] [runtime-status] [15460] Functions runtime initialized. {"cwd":"D:\\Projects\\aegisRN\\functions","node_version":"14.8.0"} {"metadata":{"emulator":{"name":"functions"},"function":{"name":"widgets"},"message":"[runtime-status] [15460] Functions runtime initialized. {\"cwd\":\"D:\\\\Projects\\\\aegisRN\\\\functions\",\"node_version\":\"14.8.0\"}"}}
[debug] [2020-11-19T14:54:49.760Z] [runtime-status] [15460] Disabled runtime features: undefined {"metadata":{"emulator":{"name":"functions"},"function":{"name":"widgets"},"message":"[runtime-status] [15460] Disabled runtime features: undefined"}}
[debug] [2020-11-19T14:54:49.773Z] [runtime-status] [15460] Resolved module firebase-admin {"declared":true,"installed":true,"version":"8.13.0","resolution":"D:\\Projects\\aegisRN\\functions\\node_modules\\firebase-admin\\lib\\index.js"} {"metadata":{"emulator":{"name":"functions"},"function":{"name":"widgets"},"message":"[runtime-status] [15460] Resolved module firebase-admin {\"declared\":true,\"installed\":true,\"version\":\"8.13.0\",\"resolution\":\"D:\\\\Projects\\\\aegisRN\\\\functions\\\\node_modules\\\\firebase-admin\\\\lib\\\\index.js\"}"}}
[debug] [2020-11-19T14:54:49.777Z] [runtime-status] [15460] Resolved module firebase-functions {"declared":true,"installed":true,"version":"3.11.0","resolution":"D:\\Projects\\aegisRN\\functions\\node_modules\\firebase-functions\\lib\\index.js"} {"metadata":{"emulator":{"name":"functions"},"function":{"name":"widgets"},"message":"[runtime-status] [15460] Resolved module firebase-functions {\"declared\":true,\"installed\":true,\"version\":\"3.11.0\",\"resolution\":\"D:\\\\Projects\\\\aegisRN\\\\functions\\\\node_modules\\\\firebase-functions\\\\lib\\\\index.js\"}"}}
[debug] [2020-11-19T14:54:49.780Z] [runtime-status] [15460] Resolved module firebase-functions {"declared":true,"installed":true,"version":"3.11.0","resolution":"D:\\Projects\\aegisRN\\functions\\node_modules\\firebase-functions\\lib\\index.js"} {"metadata":{"emulator":{"name":"functions"},"function":{"name":"widgets"},"message":"[runtime-status] [15460] Resolved module firebase-functions {\"declared\":true,\"installed\":true,\"version\":\"3.11.0\",\"resolution\":\"D:\\\\Projects\\\\aegisRN\\\\functions\\\\node_modules\\\\firebase-functions\\\\lib\\\\index.js\"}"}}
[debug] [2020-11-19T14:54:49.783Z] [runtime-status] [15460] Outgoing network have been stubbed. [{"name":"http","status":"mocked"},{"name":"http","status":"mocked"},{"name":"https","status":"mocked"},{"name":"https","status":"mocked"},{"name":"net","status":"mocked"}] {"metadata":{"emulator":{"name":"functions"},"function":{"name":"widgets"},"message":"[runtime-status] [15460] Outgoing network have been stubbed. [{\"name\":\"http\",\"status\":\"mocked\"},{\"name\":\"http\",\"status\":\"mocked\"},{\"name\":\"https\",\"status\":\"mocked\"},{\"name\":\"https\",\"status\":\"mocked\"},{\"name\":\"net\",\"status\":\"mocked\"}]"}}
[debug] [2020-11-19T14:54:49.785Z] [runtime-status] [15460] Resolved module firebase-functions {"declared":true,"installed":true,"version":"3.11.0","resolution":"D:\\Projects\\aegisRN\\functions\\node_modules\\firebase-functions\\lib\\index.js"} {"metadata":{"emulator":{"name":"functions"},"function":{"name":"widgets"},"message":"[runtime-status] [15460] Resolved module firebase-functions {\"declared\":true,\"installed\":true,\"version\":\"3.11.0\",\"resolution\":\"D:\\\\Projects\\\\aegisRN\\\\functions\\\\node_modules\\\\firebase-functions\\\\lib\\\\index.js\"}"}}
[debug] [2020-11-19T14:54:49.897Z] [runtime-status] [15460] Checked functions.config() {"config":{}} {"metadata":{"emulator":{"name":"functions"},"function":{"name":"widgets"},"message":"[runtime-status] [15460] Checked functions.config() {\"config\":{}}"}}
[debug] [2020-11-19T14:54:49.897Z] [runtime-status] [15460] firebase-functions has been stubbed. {"functionsResolution":{"declared":true,"installed":true,"version":"3.11.0","resolution":"D:\\Projects\\aegisRN\\functions\\node_modules\\firebase-functions\\lib\\index.js"}} {"metadata":{"emulator":{"name":"functions"},"function":{"name":"widgets"},"message":"[runtime-status] [15460] firebase-functions has been stubbed. {\"functionsResolution\":{\"declared\":true,\"installed\":true,\"version\":\"3.11.0\",\"resolution\":\"D:\\\\Projects\\\\aegisRN\\\\functions\\\\node_modules\\\\firebase-functions\\\\lib\\\\index.js\"}}"}}
[debug] [2020-11-19T14:54:49.898Z] [runtime-status] [15460] Resolved module firebase-functions {"declared":true,"installed":true,"version":"3.11.0","resolution":"D:\\Projects\\aegisRN\\functions\\node_modules\\firebase-functions\\lib\\index.js"} {"metadata":{"emulator":{"name":"functions"},"function":{"name":"widgets"},"message":"[runtime-status] [15460] Resolved module firebase-functions {\"declared\":true,\"installed\":true,\"version\":\"3.11.0\",\"resolution\":\"D:\\\\Projects\\\\aegisRN\\\\functions\\\\node_modules\\\\firebase-functions\\\\lib\\\\index.js\"}"}}
[debug] [2020-11-19T14:54:49.901Z] [runtime-status] [15460] Resolved module firebase-admin {"declared":true,"installed":true,"version":"8.13.0","resolution":"D:\\Projects\\aegisRN\\functions\\node_modules\\firebase-admin\\lib\\index.js"} {"metadata":{"emulator":{"name":"functions"},"function":{"name":"widgets"},"message":"[runtime-status] [15460] Resolved module firebase-admin {\"declared\":true,\"installed\":true,\"version\":\"8.13.0\",\"resolution\":\"D:\\\\Projects\\\\aegisRN\\\\functions\\\\node_modules\\\\firebase-admin\\\\lib\\\\index.js\"}"}}
[debug] [2020-11-19T14:54:49.903Z] [runtime-status] [15460] Resolved module firebase-functions {"declared":true,"installed":true,"version":"3.11.0","resolution":"D:\\Projects\\aegisRN\\functions\\node_modules\\firebase-functions\\lib\\index.js"} {"metadata":{"emulator":{"name":"functions"},"function":{"name":"widgets"},"message":"[runtime-status] [15460] Resolved module firebase-functions {\"declared\":true,\"installed\":true,\"version\":\"3.11.0\",\"resolution\":\"D:\\\\Projects\\\\aegisRN\\\\functions\\\\node_modules\\\\firebase-functions\\\\lib\\\\index.js\"}"}}
[debug] [2020-11-19T14:54:49.903Z] [runtime-status] [15460] firebase-admin has been stubbed. {"adminResolution":{"declared":true,"installed":true,"version":"8.13.0","resolution":"D:\\Projects\\aegisRN\\functions\\node_modules\\firebase-admin\\lib\\index.js"}} {"metadata":{"emulator":{"name":"functions"},"function":{"name":"widgets"},"message":"[runtime-status] [15460] firebase-admin has been stubbed. {\"adminResolution\":{\"declared\":true,\"installed\":true,\"version\":\"8.13.0\",\"resolution\":\"D:\\\\Projects\\\\aegisRN\\\\functions\\\\node_modules\\\\firebase-admin\\\\lib\\\\index.js\"}}"}}
[debug] [2020-11-19T14:54:52.680Z] [runtime-status] [15460] Trigger "widgets" has been found, beginning invocation! {"metadata":{"emulator":{"name":"functions"},"function":{"name":"widgets"},"message":"[runtime-status] [15460] Trigger \"widgets\" has been found, beginning invocation!"}}
[info] i  functions: Beginning execution of "widgets" {"metadata":{"emulator":{"name":"functions"},"function":{"name":"widgets"},"message":"Beginning execution of \"widgets\""}}
[debug] [2020-11-19T14:54:52.683Z] [runtime-status] [15460] triggerDefinition {"httpsTrigger":{},"name":"widgets","entryPoint":"widgets"} {"metadata":{"emulator":{"name":"functions"},"function":{"name":"widgets"},"message":"[runtime-status] [15460] triggerDefinition {\"httpsTrigger\":{},\"name\":\"widgets\",\"entryPoint\":\"widgets\"}"}}
[debug] [2020-11-19T14:54:52.684Z] [runtime-status] [15460] Running widgets in mode HTTPS {"metadata":{"emulator":{"name":"functions"},"function":{"name":"widgets"},"message":"[runtime-status] [15460] Running widgets in mode HTTPS"}}
[debug] [2020-11-19T14:54:52.690Z] [runtime-status] [15460] Attempting to listen to socketPath: \\?\pipe\D:\Projects\aegisRN\functions\15460 {"metadata":{"emulator":{"name":"functions"},"function":{"name":"widgets"},"message":"[runtime-status] [15460] Attempting to listen to socketPath: \\\\?\\pipe\\D:\\Projects\\aegisRN\\functions\\15460"}}
[debug] [2020-11-19T14:54:52.697Z] [functions] Runtime ready! Sending request! {"metadata":{"emulator":{"name":"functions"},"message":"[functions] Runtime ready! Sending request!"}}
[debug] [2020-11-19T14:54:52.711Z] [runtime-status] [15460] Ephemeral server handling GET request {"metadata":{"emulator":{"name":"functions"},"function":{"name":"widgets"},"message":"[runtime-status] [15460] Ephemeral server handling GET request"}}
[debug] [2020-11-19T14:54:52.721Z] [runtime-status] [15460] Ephemeral server survived. {"metadata":{"emulator":{"name":"functions"},"function":{"name":"widgets"},"message":"[runtime-status] [15460] Ephemeral server survived."}}
[info] i  functions: Finished "widgets" in ~1s {"metadata":{"emulator":{"name":"functions"},"function":{"name":"widgets"},"message":"Finished \"widgets\" in ~1s"}}
[debug] [2020-11-19T14:54:52.728Z] [worker-widgets-bdfc0be7-5b96-4317-9d11-86d29a70766b]: IDLE {"metadata":{"emulator":{"name":"functions"},"message":"[worker-widgets-bdfc0be7-5b96-4317-9d11-86d29a70766b]: IDLE"}}
[debug] [2020-11-19T14:54:52.728Z] [work-queue] {"queueLength":0,"workRunningCount":0}
[debug] [2020-11-19T14:54:58.010Z] [work-queue] {"queueLength":1,"workRunningCount":0}
[debug] [2020-11-19T14:54:58.010Z] [work-queue] {"queueLength":0,"workRunningCount":1}
[debug] [2020-11-19T14:54:58.010Z] Accepted request GET /aegis-fbe56/us-central1/widgets/api/messages --> widgets
[debug] [2020-11-19T14:54:58.011Z] [worker-pool] submitWork(triggerId=widgets) {"metadata":{"emulator":{"name":"functions"},"message":"[worker-pool] submitWork(triggerId=widgets)"}}
[debug] [2020-11-19T14:54:58.011Z] [worker-widgets-bdfc0be7-5b96-4317-9d11-86d29a70766b]: Assigning socketPath: \\?\pipe\D:\Projects\aegisRN\functions\15460 {"metadata":{"emulator":{"name":"functions"},"message":"[worker-widgets-bdfc0be7-5b96-4317-9d11-86d29a70766b]: Assigning socketPath: \\\\?\\pipe\\D:\\Projects\\aegisRN\\functions\\15460"}}
[debug] [2020-11-19T14:54:58.011Z] [worker-widgets-bdfc0be7-5b96-4317-9d11-86d29a70766b]: BUSY {"metadata":{"emulator":{"name":"functions"},"message":"[worker-widgets-bdfc0be7-5b96-4317-9d11-86d29a70766b]: BUSY"}}
[debug] [2020-11-19T14:54:58.012Z] [runtime-status] [15460] Trigger "widgets" has been found, beginning invocation! {"metadata":{"emulator":{"name":"functions"},"function":{"name":"widgets"},"message":"[runtime-status] [15460] Trigger \"widgets\" has been found, beginning invocation!"}}
[info] i  functions: Beginning execution of "widgets" {"metadata":{"emulator":{"name":"functions"},"function":{"name":"widgets"},"message":"Beginning execution of \"widgets\""}}
[debug] [2020-11-19T14:54:58.014Z] [runtime-status] [15460] triggerDefinition {"httpsTrigger":{},"name":"widgets","entryPoint":"widgets"} {"metadata":{"emulator":{"name":"functions"},"function":{"name":"widgets"},"message":"[runtime-status] [15460] triggerDefinition {\"httpsTrigger\":{},\"name\":\"widgets\",\"entryPoint\":\"widgets\"}"}}
[debug] [2020-11-19T14:54:58.014Z] [runtime-status] [15460] Running widgets in mode HTTPS {"metadata":{"emulator":{"name":"functions"},"function":{"name":"widgets"},"message":"[runtime-status] [15460] Running widgets in mode HTTPS"}}
[debug] [2020-11-19T14:54:58.015Z] [runtime-status] [15460] Attempting to listen to socketPath: \\?\pipe\D:\Projects\aegisRN\functions\15460 {"metadata":{"emulator":{"name":"functions"},"function":{"name":"widgets"},"message":"[runtime-status] [15460] Attempting to listen to socketPath: \\\\?\\pipe\\D:\\Projects\\aegisRN\\functions\\15460"}}
[debug] [2020-11-19T14:54:58.017Z] [functions] Runtime ready! Sending request! {"metadata":{"emulator":{"name":"functions"},"message":"[functions] Runtime ready! Sending request!"}}
[debug] [2020-11-19T14:54:58.023Z] [runtime-status] [15460] Ephemeral server handling GET request {"metadata":{"emulator":{"name":"functions"},"function":{"name":"widgets"},"message":"[runtime-status] [15460] Ephemeral server handling GET request"}}
[debug] [2020-11-19T14:54:58.025Z] [runtime-status] [15460] Ephemeral server survived. {"metadata":{"emulator":{"name":"functions"},"function":{"name":"widgets"},"message":"[runtime-status] [15460] Ephemeral server survived."}}
[info] i  functions: Finished "widgets" in ~1s {"metadata":{"emulator":{"name":"functions"},"function":{"name":"widgets"},"message":"Finished \"widgets\" in ~1s"}}
[debug] [2020-11-19T14:54:58.042Z] [worker-widgets-bdfc0be7-5b96-4317-9d11-86d29a70766b]: IDLE {"metadata":{"emulator":{"name":"functions"},"message":"[worker-widgets-bdfc0be7-5b96-4317-9d11-86d29a70766b]: IDLE"}}
[debug] [2020-11-19T14:54:58.043Z] [work-queue] {"queueLength":0,"workRunningCount":0}
[debug] [2020-11-19T14:56:32.869Z] File D:\Projects\aegisRN\functions\index.js changed, reloading triggers {"metadata":{"emulator":{"name":"functions"},"message":"File D:\\Projects\\aegisRN\\functions\\index.js changed, reloading triggers"}}
[debug] [2020-11-19T14:56:33.872Z] [worker-pool] Shutting down IDLE worker (~diagnostic~) {"metadata":{"emulator":{"name":"functions"},"message":"[worker-pool] Shutting down IDLE worker (~diagnostic~)"}}
[debug] [2020-11-19T14:56:33.872Z] [worker-~diagnostic~-db49dece-60fb-4d37-92c8-2f6da7bc2c03]: FINISHING {"metadata":{"emulator":{"name":"functions"},"message":"[worker-~diagnostic~-db49dece-60fb-4d37-92c8-2f6da7bc2c03]: FINISHING"}}
[debug] [2020-11-19T14:56:33.873Z] [worker-pool] Shutting down IDLE worker (widgets) {"metadata":{"emulator":{"name":"functions"},"message":"[worker-pool] Shutting down IDLE worker (widgets)"}}
[debug] [2020-11-19T14:56:33.873Z] [worker-widgets-bdfc0be7-5b96-4317-9d11-86d29a70766b]: FINISHING {"metadata":{"emulator":{"name":"functions"},"message":"[worker-widgets-bdfc0be7-5b96-4317-9d11-86d29a70766b]: FINISHING"}}
[debug] [2020-11-19T14:56:33.880Z] [worker-pool] addWorker(~diagnostic~) {"metadata":{"emulator":{"name":"functions"},"message":"[worker-pool] addWorker(~diagnostic~)"}}
[debug] [2020-11-19T14:56:33.880Z] [worker-pool] Adding worker with key ~diagnostic~, total=2 {"metadata":{"emulator":{"name":"functions"},"message":"[worker-pool] Adding worker with key ~diagnostic~, total=2"}}
[debug] [2020-11-19T14:56:33.881Z] [worker-pool] submitWork(triggerId=) {"metadata":{"emulator":{"name":"functions"},"message":"[worker-pool] submitWork(triggerId=)"}}
[debug] [2020-11-19T14:56:33.881Z] [worker-~diagnostic~-11cd91be-6b4e-4ef7-9dae-c93f652a145c]: Assigning socketPath: \\?\pipe\D:\Projects\aegisRN\functions\8048 {"metadata":{"emulator":{"name":"functions"},"message":"[worker-~diagnostic~-11cd91be-6b4e-4ef7-9dae-c93f652a145c]: Assigning socketPath: \\\\?\\pipe\\D:\\Projects\\aegisRN\\functions\\8048"}}
[debug] [2020-11-19T14:56:33.881Z] [worker-~diagnostic~-11cd91be-6b4e-4ef7-9dae-c93f652a145c]: BUSY {"metadata":{"emulator":{"name":"functions"},"message":"[worker-~diagnostic~-11cd91be-6b4e-4ef7-9dae-c93f652a145c]: BUSY"}}
[debug] [2020-11-19T14:56:33.883Z] [worker-~diagnostic~-db49dece-60fb-4d37-92c8-2f6da7bc2c03]: exited {"metadata":{"emulator":{"name":"functions"},"message":"[worker-~diagnostic~-db49dece-60fb-4d37-92c8-2f6da7bc2c03]: exited"}}
[debug] [2020-11-19T14:56:33.883Z] [worker-~diagnostic~-db49dece-60fb-4d37-92c8-2f6da7bc2c03]: FINISHED {"metadata":{"emulator":{"name":"functions"},"message":"[worker-~diagnostic~-db49dece-60fb-4d37-92c8-2f6da7bc2c03]: FINISHED"}}
[debug] [2020-11-19T14:56:33.884Z] [worker-widgets-bdfc0be7-5b96-4317-9d11-86d29a70766b]: exited {"metadata":{"emulator":{"name":"functions"},"message":"[worker-widgets-bdfc0be7-5b96-4317-9d11-86d29a70766b]: exited"}}
[debug] [2020-11-19T14:56:33.884Z] [worker-widgets-bdfc0be7-5b96-4317-9d11-86d29a70766b]: FINISHED {"metadata":{"emulator":{"name":"functions"},"message":"[worker-widgets-bdfc0be7-5b96-4317-9d11-86d29a70766b]: FINISHED"}}
[debug] [2020-11-19T14:56:34.943Z] [runtime-status] [8048] Functions runtime initialized. {"cwd":"D:\\Projects\\aegisRN\\functions","node_version":"14.8.0"} {"metadata":{"emulator":{"name":"functions"},"message":"[runtime-status] [8048] Functions runtime initialized. {\"cwd\":\"D:\\\\Projects\\\\aegisRN\\\\functions\",\"node_version\":\"14.8.0\"}"}}
[debug] [2020-11-19T14:56:34.948Z] [runtime-status] [8048] Disabled runtime features: undefined {"metadata":{"emulator":{"name":"functions"},"message":"[runtime-status] [8048] Disabled runtime features: undefined"}}
[debug] [2020-11-19T14:56:34.965Z] [runtime-status] [8048] Resolved module firebase-admin {"declared":true,"installed":true,"version":"8.13.0","resolution":"D:\\Projects\\aegisRN\\functions\\node_modules\\firebase-admin\\lib\\index.js"} {"metadata":{"emulator":{"name":"functions"},"message":"[runtime-status] [8048] Resolved module firebase-admin {\"declared\":true,\"installed\":true,\"version\":\"8.13.0\",\"resolution\":\"D:\\\\Projects\\\\aegisRN\\\\functions\\\\node_modules\\\\firebase-admin\\\\lib\\\\index.js\"}"}}
[debug] [2020-11-19T14:56:34.972Z] [runtime-status] [8048] Resolved module firebase-functions {"declared":true,"installed":true,"version":"3.11.0","resolution":"D:\\Projects\\aegisRN\\functions\\node_modules\\firebase-functions\\lib\\index.js"} {"metadata":{"emulator":{"name":"functions"},"message":"[runtime-status] [8048] Resolved module firebase-functions {\"declared\":true,\"installed\":true,\"version\":\"3.11.0\",\"resolution\":\"D:\\\\Projects\\\\aegisRN\\\\functions\\\\node_modules\\\\firebase-functions\\\\lib\\\\index.js\"}"}}
[debug] [2020-11-19T14:56:34.980Z] [runtime-status] [8048] Resolved module firebase-functions {"declared":true,"installed":true,"version":"3.11.0","resolution":"D:\\Projects\\aegisRN\\functions\\node_modules\\firebase-functions\\lib\\index.js"} {"metadata":{"emulator":{"name":"functions"},"message":"[runtime-status] [8048] Resolved module firebase-functions {\"declared\":true,\"installed\":true,\"version\":\"3.11.0\",\"resolution\":\"D:\\\\Projects\\\\aegisRN\\\\functions\\\\node_modules\\\\firebase-functions\\\\lib\\\\index.js\"}"}}
[debug] [2020-11-19T14:56:34.985Z] [runtime-status] [8048] Outgoing network have been stubbed. [{"name":"http","status":"mocked"},{"name":"http","status":"mocked"},{"name":"https","status":"mocked"},{"name":"https","status":"mocked"},{"name":"net","status":"mocked"}] {"metadata":{"emulator":{"name":"functions"},"message":"[runtime-status] [8048] Outgoing network have been stubbed. [{\"name\":\"http\",\"status\":\"mocked\"},{\"name\":\"http\",\"status\":\"mocked\"},{\"name\":\"https\",\"status\":\"mocked\"},{\"name\":\"https\",\"status\":\"mocked\"},{\"name\":\"net\",\"status\":\"mocked\"}]"}}
[debug] [2020-11-19T14:56:34.987Z] [runtime-status] [8048] Resolved module firebase-functions {"declared":true,"installed":true,"version":"3.11.0","resolution":"D:\\Projects\\aegisRN\\functions\\node_modules\\firebase-functions\\lib\\index.js"} {"metadata":{"emulator":{"name":"functions"},"message":"[runtime-status] [8048] Resolved module firebase-functions {\"declared\":true,\"installed\":true,\"version\":\"3.11.0\",\"resolution\":\"D:\\\\Projects\\\\aegisRN\\\\functions\\\\node_modules\\\\firebase-functions\\\\lib\\\\index.js\"}"}}
[debug] [2020-11-19T14:56:35.198Z] [runtime-status] [8048] Checked functions.config() {"config":{}} {"metadata":{"emulator":{"name":"functions"},"message":"[runtime-status] [8048] Checked functions.config() {\"config\":{}}"}}
[debug] [2020-11-19T14:56:35.199Z] [runtime-status] [8048] firebase-functions has been stubbed. {"functionsResolution":{"declared":true,"installed":true,"version":"3.11.0","resolution":"D:\\Projects\\aegisRN\\functions\\node_modules\\firebase-functions\\lib\\index.js"}} {"metadata":{"emulator":{"name":"functions"},"message":"[runtime-status] [8048] firebase-functions has been stubbed. {\"functionsResolution\":{\"declared\":true,\"installed\":true,\"version\":\"3.11.0\",\"resolution\":\"D:\\\\Projects\\\\aegisRN\\\\functions\\\\node_modules\\\\firebase-functions\\\\lib\\\\index.js\"}}"}}
[debug] [2020-11-19T14:56:35.201Z] [runtime-status] [8048] Resolved module firebase-functions {"declared":true,"installed":true,"version":"3.11.0","resolution":"D:\\Projects\\aegisRN\\functions\\node_modules\\firebase-functions\\lib\\index.js"} {"metadata":{"emulator":{"name":"functions"},"message":"[runtime-status] [8048] Resolved module firebase-functions {\"declared\":true,\"installed\":true,\"version\":\"3.11.0\",\"resolution\":\"D:\\\\Projects\\\\aegisRN\\\\functions\\\\node_modules\\\\firebase-functions\\\\lib\\\\index.js\"}"}}
[debug] [2020-11-19T14:56:35.206Z] [runtime-status] [8048] Resolved module firebase-admin {"declared":true,"installed":true,"version":"8.13.0","resolution":"D:\\Projects\\aegisRN\\functions\\node_modules\\firebase-admin\\lib\\index.js"} {"metadata":{"emulator":{"name":"functions"},"message":"[runtime-status] [8048] Resolved module firebase-admin {\"declared\":true,\"installed\":true,\"version\":\"8.13.0\",\"resolution\":\"D:\\\\Projects\\\\aegisRN\\\\functions\\\\node_modules\\\\firebase-admin\\\\lib\\\\index.js\"}"}}
[debug] [2020-11-19T14:56:35.209Z] [runtime-status] [8048] Resolved module firebase-functions {"declared":true,"installed":true,"version":"3.11.0","resolution":"D:\\Projects\\aegisRN\\functions\\node_modules\\firebase-functions\\lib\\index.js"} {"metadata":{"emulator":{"name":"functions"},"message":"[runtime-status] [8048] Resolved module firebase-functions {\"declared\":true,\"installed\":true,\"version\":\"3.11.0\",\"resolution\":\"D:\\\\Projects\\\\aegisRN\\\\functions\\\\node_modules\\\\firebase-functions\\\\lib\\\\index.js\"}"}}
[debug] [2020-11-19T14:56:35.210Z] [runtime-status] [8048] firebase-admin has been stubbed. {"adminResolution":{"declared":true,"installed":true,"version":"8.13.0","resolution":"D:\\Projects\\aegisRN\\functions\\node_modules\\firebase-admin\\lib\\index.js"}} {"metadata":{"emulator":{"name":"functions"},"message":"[runtime-status] [8048] firebase-admin has been stubbed. {\"adminResolution\":{\"declared\":true,\"installed\":true,\"version\":\"8.13.0\",\"resolution\":\"D:\\\\Projects\\\\aegisRN\\\\functions\\\\node_modules\\\\firebase-admin\\\\lib\\\\index.js\"}}"}}
[debug] [2020-11-19T14:56:39.507Z] [worker-~diagnostic~-11cd91be-6b4e-4ef7-9dae-c93f652a145c]: IDLE {"metadata":{"emulator":{"name":"functions"},"message":"[worker-~diagnostic~-11cd91be-6b4e-4ef7-9dae-c93f652a145c]: IDLE"}}
[debug] [2020-11-19T14:57:08.623Z] [work-queue] {"queueLength":1,"workRunningCount":0}
[debug] [2020-11-19T14:57:08.625Z] [work-queue] {"queueLength":0,"workRunningCount":1}
[debug] [2020-11-19T14:57:08.626Z] Accepted request GET /aegis-fbe56/us-central1/widgets/api/messages --> widgets
[debug] [2020-11-19T14:57:08.627Z] [worker-pool] Cleaned up workers for ~diagnostic~: 2 --> 1 {"metadata":{"emulator":{"name":"functions"},"message":"[worker-pool] Cleaned up workers for ~diagnostic~: 2 --> 1"}}
[debug] [2020-11-19T14:57:08.627Z] [worker-pool] Cleaned up workers for widgets: 1 --> 0 {"metadata":{"emulator":{"name":"functions"},"message":"[worker-pool] Cleaned up workers for widgets: 1 --> 0"}}
[debug] [2020-11-19T14:57:08.649Z] [worker-pool] addWorker(widgets) {"metadata":{"emulator":{"name":"functions"},"message":"[worker-pool] addWorker(widgets)"}}
[debug] [2020-11-19T14:57:08.650Z] [worker-pool] Adding worker with key widgets, total=1 {"metadata":{"emulator":{"name":"functions"},"message":"[worker-pool] Adding worker with key widgets, total=1"}}
[debug] [2020-11-19T14:57:08.651Z] [worker-pool] submitWork(triggerId=widgets) {"metadata":{"emulator":{"name":"functions"},"message":"[worker-pool] submitWork(triggerId=widgets)"}}
[debug] [2020-11-19T14:57:08.652Z] [worker-widgets-347e7fa2-0421-4b3e-b2fa-311cc955d107]: Assigning socketPath: \\?\pipe\D:\Projects\aegisRN\functions\22052 {"metadata":{"emulator":{"name":"functions"},"message":"[worker-widgets-347e7fa2-0421-4b3e-b2fa-311cc955d107]: Assigning socketPath: \\\\?\\pipe\\D:\\Projects\\aegisRN\\functions\\22052"}}
[debug] [2020-11-19T14:57:08.653Z] [worker-widgets-347e7fa2-0421-4b3e-b2fa-311cc955d107]: BUSY {"metadata":{"emulator":{"name":"functions"},"message":"[worker-widgets-347e7fa2-0421-4b3e-b2fa-311cc955d107]: BUSY"}}
[debug] [2020-11-19T14:57:10.587Z] [runtime-status] [22052] Functions runtime initialized. {"cwd":"D:\\Projects\\aegisRN\\functions","node_version":"14.8.0"} {"metadata":{"emulator":{"name":"functions"},"function":{"name":"widgets"},"message":"[runtime-status] [22052] Functions runtime initialized. {\"cwd\":\"D:\\\\Projects\\\\aegisRN\\\\functions\",\"node_version\":\"14.8.0\"}"}}
[debug] [2020-11-19T14:57:10.593Z] [runtime-status] [22052] Disabled runtime features: undefined {"metadata":{"emulator":{"name":"functions"},"function":{"name":"widgets"},"message":"[runtime-status] [22052] Disabled runtime features: undefined"}}
[debug] [2020-11-19T14:57:10.615Z] [runtime-status] [22052] Resolved module firebase-admin {"declared":true,"installed":true,"version":"8.13.0","resolution":"D:\\Projects\\aegisRN\\functions\\node_modules\\firebase-admin\\lib\\index.js"} {"metadata":{"emulator":{"name":"functions"},"function":{"name":"widgets"},"message":"[runtime-status] [22052] Resolved module firebase-admin {\"declared\":true,\"installed\":true,\"version\":\"8.13.0\",\"resolution\":\"D:\\\\Projects\\\\aegisRN\\\\functions\\\\node_modules\\\\firebase-admin\\\\lib\\\\index.js\"}"}}
[debug] [2020-11-19T14:57:10.628Z] [runtime-status] [22052] Resolved module firebase-functions {"declared":true,"installed":true,"version":"3.11.0","resolution":"D:\\Projects\\aegisRN\\functions\\node_modules\\firebase-functions\\lib\\index.js"} {"metadata":{"emulator":{"name":"functions"},"function":{"name":"widgets"},"message":"[runtime-status] [22052] Resolved module firebase-functions {\"declared\":true,\"installed\":true,\"version\":\"3.11.0\",\"resolution\":\"D:\\\\Projects\\\\aegisRN\\\\functions\\\\node_modules\\\\firebase-functions\\\\lib\\\\index.js\"}"}}
[debug] [2020-11-19T14:57:10.633Z] [runtime-status] [22052] Resolved module firebase-functions {"declared":true,"installed":true,"version":"3.11.0","resolution":"D:\\Projects\\aegisRN\\functions\\node_modules\\firebase-functions\\lib\\index.js"} {"metadata":{"emulator":{"name":"functions"},"function":{"name":"widgets"},"message":"[runtime-status] [22052] Resolved module firebase-functions {\"declared\":true,\"installed\":true,\"version\":\"3.11.0\",\"resolution\":\"D:\\\\Projects\\\\aegisRN\\\\functions\\\\node_modules\\\\firebase-functions\\\\lib\\\\index.js\"}"}}
[debug] [2020-11-19T14:57:10.639Z] [runtime-status] [22052] Outgoing network have been stubbed. [{"name":"http","status":"mocked"},{"name":"http","status":"mocked"},{"name":"https","status":"mocked"},{"name":"https","status":"mocked"},{"name":"net","status":"mocked"}] {"metadata":{"emulator":{"name":"functions"},"function":{"name":"widgets"},"message":"[runtime-status] [22052] Outgoing network have been stubbed. [{\"name\":\"http\",\"status\":\"mocked\"},{\"name\":\"http\",\"status\":\"mocked\"},{\"name\":\"https\",\"status\":\"mocked\"},{\"name\":\"https\",\"status\":\"mocked\"},{\"name\":\"net\",\"status\":\"mocked\"}]"}}
[debug] [2020-11-19T14:57:10.642Z] [runtime-status] [22052] Resolved module firebase-functions {"declared":true,"installed":true,"version":"3.11.0","resolution":"D:\\Projects\\aegisRN\\functions\\node_modules\\firebase-functions\\lib\\index.js"} {"metadata":{"emulator":{"name":"functions"},"function":{"name":"widgets"},"message":"[runtime-status] [22052] Resolved module firebase-functions {\"declared\":true,\"installed\":true,\"version\":\"3.11.0\",\"resolution\":\"D:\\\\Projects\\\\aegisRN\\\\functions\\\\node_modules\\\\firebase-functions\\\\lib\\\\index.js\"}"}}
[debug] [2020-11-19T14:57:10.863Z] [runtime-status] [22052] Checked functions.config() {"config":{}} {"metadata":{"emulator":{"name":"functions"},"function":{"name":"widgets"},"message":"[runtime-status] [22052] Checked functions.config() {\"config\":{}}"}}
[debug] [2020-11-19T14:57:10.865Z] [runtime-status] [22052] firebase-functions has been stubbed. {"functionsResolution":{"declared":true,"installed":true,"version":"3.11.0","resolution":"D:\\Projects\\aegisRN\\functions\\node_modules\\firebase-functions\\lib\\index.js"}} {"metadata":{"emulator":{"name":"functions"},"function":{"name":"widgets"},"message":"[runtime-status] [22052] firebase-functions has been stubbed. {\"functionsResolution\":{\"declared\":true,\"installed\":true,\"version\":\"3.11.0\",\"resolution\":\"D:\\\\Projects\\\\aegisRN\\\\functions\\\\node_modules\\\\firebase-functions\\\\lib\\\\index.js\"}}"}}
[debug] [2020-11-19T14:57:10.868Z] [runtime-status] [22052] Resolved module firebase-functions {"declared":true,"installed":true,"version":"3.11.0","resolution":"D:\\Projects\\aegisRN\\functions\\node_modules\\firebase-functions\\lib\\index.js"} {"metadata":{"emulator":{"name":"functions"},"function":{"name":"widgets"},"message":"[runtime-status] [22052] Resolved module firebase-functions {\"declared\":true,\"installed\":true,\"version\":\"3.11.0\",\"resolution\":\"D:\\\\Projects\\\\aegisRN\\\\functions\\\\node_modules\\\\firebase-functions\\\\lib\\\\index.js\"}"}}
[debug] [2020-11-19T14:57:10.875Z] [runtime-status] [22052] Resolved module firebase-admin {"declared":true,"installed":true,"version":"8.13.0","resolution":"D:\\Projects\\aegisRN\\functions\\node_modules\\firebase-admin\\lib\\index.js"} {"metadata":{"emulator":{"name":"functions"},"function":{"name":"widgets"},"message":"[runtime-status] [22052] Resolved module firebase-admin {\"declared\":true,\"installed\":true,\"version\":\"8.13.0\",\"resolution\":\"D:\\\\Projects\\\\aegisRN\\\\functions\\\\node_modules\\\\firebase-admin\\\\lib\\\\index.js\"}"}}
[debug] [2020-11-19T14:57:10.878Z] [runtime-status] [22052] Resolved module firebase-functions {"declared":true,"installed":true,"version":"3.11.0","resolution":"D:\\Projects\\aegisRN\\functions\\node_modules\\firebase-functions\\lib\\index.js"} {"metadata":{"emulator":{"name":"functions"},"function":{"name":"widgets"},"message":"[runtime-status] [22052] Resolved module firebase-functions {\"declared\":true,\"installed\":true,\"version\":\"3.11.0\",\"resolution\":\"D:\\\\Projects\\\\aegisRN\\\\functions\\\\node_modules\\\\firebase-functions\\\\lib\\\\index.js\"}"}}
[debug] [2020-11-19T14:57:10.879Z] [runtime-status] [22052] firebase-admin has been stubbed. {"adminResolution":{"declared":true,"installed":true,"version":"8.13.0","resolution":"D:\\Projects\\aegisRN\\functions\\node_modules\\firebase-admin\\lib\\index.js"}} {"metadata":{"emulator":{"name":"functions"},"function":{"name":"widgets"},"message":"[runtime-status] [22052] firebase-admin has been stubbed. {\"adminResolution\":{\"declared\":true,\"installed\":true,\"version\":\"8.13.0\",\"resolution\":\"D:\\\\Projects\\\\aegisRN\\\\functions\\\\node_modules\\\\firebase-admin\\\\lib\\\\index.js\"}}"}}
[debug] [2020-11-19T14:57:14.892Z] [runtime-status] [22052] Trigger "widgets" has been found, beginning invocation! {"metadata":{"emulator":{"name":"functions"},"function":{"name":"widgets"},"message":"[runtime-status] [22052] Trigger \"widgets\" has been found, beginning invocation!"}}
[info] i  functions: Beginning execution of "widgets" {"metadata":{"emulator":{"name":"functions"},"function":{"name":"widgets"},"message":"Beginning execution of \"widgets\""}}
[debug] [2020-11-19T14:57:14.894Z] [runtime-status] [22052] triggerDefinition {"httpsTrigger":{},"name":"widgets","entryPoint":"widgets"} {"metadata":{"emulator":{"name":"functions"},"function":{"name":"widgets"},"message":"[runtime-status] [22052] triggerDefinition {\"httpsTrigger\":{},\"name\":\"widgets\",\"entryPoint\":\"widgets\"}"}}
[debug] [2020-11-19T14:57:14.894Z] [runtime-status] [22052] Running widgets in mode HTTPS {"metadata":{"emulator":{"name":"functions"},"function":{"name":"widgets"},"message":"[runtime-status] [22052] Running widgets in mode HTTPS"}}
[debug] [2020-11-19T14:57:14.901Z] [runtime-status] [22052] Attempting to listen to socketPath: \\?\pipe\D:\Projects\aegisRN\functions\22052 {"metadata":{"emulator":{"name":"functions"},"function":{"name":"widgets"},"message":"[runtime-status] [22052] Attempting to listen to socketPath: \\\\?\\pipe\\D:\\Projects\\aegisRN\\functions\\22052"}}
[debug] [2020-11-19T14:57:14.904Z] [functions] Runtime ready! Sending request! {"metadata":{"emulator":{"name":"functions"},"message":"[functions] Runtime ready! Sending request!"}}
[debug] [2020-11-19T14:57:14.911Z] [runtime-status] [22052] Ephemeral server handling GET request {"metadata":{"emulator":{"name":"functions"},"function":{"name":"widgets"},"message":"[runtime-status] [22052] Ephemeral server handling GET request"}}
[debug] [2020-11-19T14:57:14.913Z] [runtime-status] [22052] Ephemeral server survived. {"metadata":{"emulator":{"name":"functions"},"function":{"name":"widgets"},"message":"[runtime-status] [22052] Ephemeral server survived."}}
[warn] !  functions: ReferenceError: fetch is not defined
    at sms (D:\Projects\aegisRN\functions\index.js:47:3)
    at C:\Users\tarun\AppData\Roaming\npm\node_modules\firebase-tools\lib\emulator\functionsEmulatorRuntime.js:593:20
    at C:\Users\tarun\AppData\Roaming\npm\node_modules\firebase-tools\lib\emulator\functionsEmulatorRuntime.js:568:19
    at Generator.next (<anonymous>)
    at C:\Users\tarun\AppData\Roaming\npm\node_modules\firebase-tools\lib\emulator\functionsEmulatorRuntime.js:8:71
    at new Promise (<anonymous>)
    at __awaiter (C:\Users\tarun\AppData\Roaming\npm\node_modules\firebase-tools\lib\emulator\functionsEmulatorRuntime.js:4:12)
    at runFunction (C:\Users\tarun\AppData\Roaming\npm\node_modules\firebase-tools\lib\emulator\functionsEmulatorRuntime.js:565:12)
    at C:\Users\tarun\AppData\Roaming\npm\node_modules\firebase-tools\lib\emulator\functionsEmulatorRuntime.js:592:15
    at Generator.next (<anonymous>) {"metadata":{"emulator":{"name":"functions"},"function":{"name":"widgets"},"message":"ReferenceError: fetch is not defined\n    at sms (D:\\Projects\\aegisRN\\functions\\index.js:47:3)\n    at C:\\Users\\tarun\\AppData\\Roaming\\npm\\node_modules\\firebase-tools\\lib\\emulator\\functionsEmulatorRuntime.js:593:20\n    at C:\\Users\\tarun\\AppData\\Roaming\\npm\\node_modules\\firebase-tools\\lib\\emulator\\functionsEmulatorRuntime.js:568:19\n    at Generator.next (<anonymous>)\n    at C:\\Users\\tarun\\AppData\\Roaming\\npm\\node_modules\\firebase-tools\\lib\\emulator\\functionsEmulatorRuntime.js:8:71\n    at new Promise (<anonymous>)\n    at __awaiter (C:\\Users\\tarun\\AppData\\Roaming\\npm\\node_modules\\firebase-tools\\lib\\emulator\\functionsEmulatorRuntime.js:4:12)\n    at runFunction (C:\\Users\\tarun\\AppData\\Roaming\\npm\\node_modules\\firebase-tools\\lib\\emulator\\functionsEmulatorRuntime.js:565:12)\n    at C:\\Users\\tarun\\AppData\\Roaming\\npm\\node_modules\\firebase-tools\\lib\\emulator\\functionsEmulatorRuntime.js:592:15\n    at Generator.next (<anonymous>)"}}
[warn] !  Your function was killed because it raised an unhandled error. {"metadata":{"emulator":{"name":"functions"},"function":{"name":"widgets"},"message":"Your function was killed because it raised an unhandled error."}}
[debug] [2020-11-19T14:57:14.938Z] [worker-widgets-347e7fa2-0421-4b3e-b2fa-311cc955d107]: exited {"metadata":{"emulator":{"name":"functions"},"message":"[worker-widgets-347e7fa2-0421-4b3e-b2fa-311cc955d107]: exited"}}
[debug] [2020-11-19T14:57:14.938Z] [worker-widgets-347e7fa2-0421-4b3e-b2fa-311cc955d107]: FINISHED {"metadata":{"emulator":{"name":"functions"},"message":"[worker-widgets-347e7fa2-0421-4b3e-b2fa-311cc955d107]: FINISHED"}}
[debug] [2020-11-19T14:57:14.938Z] [work-queue] {"queueLength":0,"workRunningCount":0}
